
=== Thu Jul 18 19:04:05 2019

Packages were changed.
Update Mode: mergeDefaultDependencies

The following packages were updated:
  com.unity.analytics from version 3.2.2 to 3.3.2
  com.unity.collab-proxy from version 1.2.9 to 1.2.16
  com.unity.package-manager-ui from version 2.1.1 to 2.1.2
  com.unity.purchasing from version 2.0.1 to 2.0.6
  com.unity.textmeshpro from version 1.3.0 to 2.0.1
  com.unity.timeline from version 0.0.0-builtin to 1.0.0

=== Fri Jul 19 17:50:32 2019

Packages were changed.
Update Mode: updateDependencies

The following packages were added:
  com.unity.2d.tilemap@1.0.0
  com.unity.test-framework@1.0.16
  com.unity.2d.sprite@1.0.0
  com.unity.ide.vscode@1.0.7
  com.unity.ide.visualstudio@1.0.11
  com.unity.ide.rider@1.0.8
  com.unity.ugui@1.0.0
  com.unity.modules.androidjni@1.0.0
The following packages were updated:
  com.unity.timeline from version 1.0.0 to 1.1.0
The following packages were removed:
  com.unity.package-manager-ui@2.1.2

=== Thu Aug  1 21:35:55 2019

Packages were changed.
Update Mode: updateDependencies

The following packages were added:
  com.unity.2d.tilemap@1.0.0
  com.unity.ext.nunit@1.0.0
  com.unity.test-framework@1.0.13
  com.unity.2d.sprite@1.0.0
  com.unity.ide.vscode@1.0.7
  com.unity.ide.rider@1.0.8
  com.unity.modules.androidjni@1.0.0

=== Wed May 13 21:16:55 2020

Packages were changed.
Update Mode: updateDependencies

The following packages were updated:
  com.unity.ide.rider from version 1.0.8 to 1.1.4
  com.unity.ide.vscode from version 1.0.7 to 1.1.3
  com.unity.render-pipelines.lightweight from version 6.9.1 to 7.1.6
  com.unity.test-framework from version 1.0.18 to 1.1.3

=== Thu May 14 22:07:27 2020

Packages were changed.
Update Mode: updateDependencies

The following packages were updated:
  com.unity.analytics from version 3.3.2 to 3.3.5
  com.unity.ide.vscode from version 1.1.3 to 1.1.4
  com.unity.render-pipelines.lightweight from version 7.1.6 to 7.3.1
  com.unity.test-framework from version 1.1.3 to 1.1.13

=== Mon Jun  1 15:42:49 2020

Packages were changed.
Update Mode: updateDependencies

The following packages were updated:
  com.unity.ads from version 2.0.8 to 3.4.5
  com.unity.ide.vscode from version 1.1.4 to 1.2.0
  com.unity.test-framework from version 1.1.13 to 1.1.14

=== Thu Jun 18 16:00:48 2020

Packages were changed.
Update Mode: updateDependencies

The following packages were updated:
  com.unity.addressables from version 1.1.10 to 1.8.3

=== Thu Jun 25 23:49:24 2020

Packages were changed.
Update Mode: updateDependencies

The following packages were updated:
  com.unity.ide.vscode from version 1.2.0 to 1.2.1

=== Sat Aug 15 14:22:08 2020

Packages were changed.
Update Mode: updateDependencies

The following packages were updated:
  com.unity.test-framework from version 1.1.14 to 1.1.16

=== Fri Sep  4 15:12:22 2020

Packages were changed.
Update Mode: updateDependencies

The following packages were updated:
  com.unity.ads from version 3.4.7 to 3.4.9
  com.unity.collab-proxy from version 1.2.16 to 1.3.9
  com.unity.ide.rider from version 1.1.4 to 1.2.1
  com.unity.ide.visualstudio from version 1.0.11 to 2.0.2
  com.unity.render-pipelines.lightweight from version 7.4.1 to 8.2.0
  com.unity.textmeshpro from version 2.0.1 to 3.0.1

=== Mon Sep 14 20:24:40 2020

Packages were changed.
Update Mode: updateDependencies

The following packages were updated:
  com.unity.purchasing from version 2.0.6 to 2.1.0

=== Thu Oct 15 19:37:36 2020

Packages were changed.
Update Mode: updateDependencies

The following packages were updated:
  com.unity.ide.vscode from version 1.2.1 to 1.2.2

=== Thu Oct 22 10:04:03 2020

Packages were changed.
Update Mode: updateDependencies

The following packages were updated:
  com.unity.ide.visualstudio from version 2.0.2 to 2.0.3

=== Sat Oct 31 19:06:39 2020

Packages were changed.
Update Mode: updateDependencies

The following packages were updated:
  com.unity.ads from version 3.4.9 to 3.5.0

=== Tue Nov 10 11:33:27 2020

Packages were changed.
Update Mode: updateDependencies

The following packages were updated:
  com.unity.analytics from version 3.3.5 to 3.5.3

=== Thu Nov 12 16:35:32 2020

Packages were changed.
Update Mode: updateDependencies

The following packages were updated:
  com.unity.ide.vscode from version 1.2.2 to 1.2.3

=== Wed Mar  3 11:11:04 2021

Packages were changed.
Update Mode: updateDependencies

The following packages were updated:
  com.unity.ads from version 3.5.0 to 3.5.2
  com.unity.ext.nunit from version 1.0.0 to 1.0.5
  com.unity.ide.visualstudio from version 2.0.3 to 2.0.5
  com.unity.purchasing from version 2.1.1 to 2.2.1
  com.unity.render-pipelines.lightweight from version 8.2.0 to 8.3.1
  com.unity.test-framework from version 1.1.18 to 1.1.19
